Using pre-set license
Built from '2020.3/staging' branch; Version is '2020.3.11f1 (99c7afb366b3) revision 10078127'; Using compiler version '192528614'; Build Type 'Release'
OS: 'Windows 10 Home; OS build 19045.3448; Version 2009; 64bit' Language: 'en' Physical Memory: 32716 MB
BatchMode: 1, IsHumanControllingUs: 0, StartBugReporterOnCrash: 0, Is64bit: 1, IsPro: 0

 COMMAND LINE ARGUMENTS:
C:\Unity\2020.3.11f1\Editor\Unity.exe
-adb2
-batchMode
-noUpm
-name
AssetImportWorker0
-projectPath
D:/DroneGameProject2/DroneGameProject/Drones
-logFile
Logs/AssetImportWorker0.log
-srvPort
50784
Successfully changed project path to: D:/DroneGameProject2/DroneGameProject/Drones
D:/DroneGameProject2/DroneGameProject/Drones
Using Asset Import Pipeline V2.
Refreshing native plugins compatible for Editor in 64.93 ms, found 2 plugins.
Preloading 0 native plugins for Editor in 0.00 ms.
Initialize engine version: 2020.3.11f1 (99c7afb366b3)
[Subsystems] Discovering subsystems at path C:/Unity/2020.3.11f1/Editor/Data/Resources/UnitySubsystems
[Subsystems] Discovering subsystems at path D:/DroneGameProject2/DroneGameProject/Drones/Assets
GfxDevice: creating device client; threaded=0
Direct3D:
    Version:  Direct3D 11.0 [level 11.1]
    Renderer: NVIDIA GeForce RTX 3060 (ID=0x2503)
    Vendor:   
    VRAM:     12129 MB
    Driver:   31.0.15.3623
Shader 'Universal Render Pipeline/Particles/Lit': fallback shader 'Universal Render Pipeline/Particles/SimpleLit' not found
Initialize mono
Mono path[0] = 'C:/Unity/2020.3.11f1/Editor/Data/Managed'
Mono path[1] = 'C:/Unity/2020.3.11f1/Editor/Data/MonoBleedingEdge/lib/mono/unityjit'
Mono config path = 'C:/Unity/2020.3.11f1/Editor/Data/MonoBleedingEdge/etc'
Using monoOptions --debugger-agent=transport=dt_socket,embedding=1,server=y,suspend=n,address=127.0.0.1:56368
Begin MonoManager ReloadAssembly
Registering precompiled unity dll's ...
Register platform support module: C:/Unity/2020.3.11f1/Editor/Data/PlaybackEngines/WindowsStandaloneSupport/UnityEditor.WindowsStandalone.Extensions.dll
Registered in 0.001811 seconds.
Native extension for WindowsStandalone target not found
Refreshing native plugins compatible for Editor in 61.03 ms, found 2 plugins.
Preloading 0 native plugins for Editor in 0.00 ms.
Mono: successfully reloaded assembly
- Completed reload, in  0.922 seconds
Platform modules already initialized, skipping
Registering precompiled user dll's ...
Registered in 0.003665 seconds.
Begin MonoManager ReloadAssembly
Native extension for WindowsStandalone target not found
Refreshing native plugins compatible for Editor in 65.94 ms, found 2 plugins.
Preloading 0 native plugins for Editor in 0.00 ms.
Mono: successfully reloaded assembly
- Completed reload, in  1.101 seconds
Platform modules already initialized, skipping
========================================================================
Worker process is ready to serve import requests
Shader 'Universal Render Pipeline/Particles/Lit': fallback shader 'Universal Render Pipeline/Particles/SimpleLit' not found
Launched and connected shader compiler UnityShaderCompiler.exe after 0.04 seconds
Refreshing native plugins compatible for Editor in 1.02 ms, found 2 plugins.
Preloading 0 native plugins for Editor in 0.00 ms.
Unloading 3472 Unused Serialized files (Serialized files now loaded: 0)
System memory in use before: 150.5 MB.
System memory in use after: 150.7 MB.

Unloading 59 unused Assets to reduce memory usage. Loaded Objects now: 3876.
Total: 5.756600 ms (FindLiveObjects: 0.316700 ms CreateObjectMapping: 0.086100 ms MarkObjects: 5.270400 ms  DeleteObjects: 0.082200 ms)

========================================================================
Received Import Request.
  path: Assets/Sprites/Mid Ground/Mid_Ground_Building_B.png
  artifactKey: Guid(20310b401ef5a97489bedab3bac7709c) Importer(815301076,1909f56bfc062723c751e8b465ee728b)
Start importing Assets/Sprites/Mid Ground/Mid_Ground_Building_B.png using Guid(20310b401ef5a97489bedab3bac7709c) Importer(815301076,1909f56bfc062723c751e8b465ee728b)  -> (artifact id: 'f22c7c68ea0398d92c9c6fad6133f737') in 0.066601 seconds
  Import took 0.071341 seconds .

========================================================================
Received Import Request.
  Time since last request: 119.179958 seconds.
  path: Assets/Sprites/Mid Ground/Mid_Ground_Building_B.png
  artifactKey: Guid(20310b401ef5a97489bedab3bac7709c) Importer(815301076,1909f56bfc062723c751e8b465ee728b)
Start importing Assets/Sprites/Mid Ground/Mid_Ground_Building_B.png using Guid(20310b401ef5a97489bedab3bac7709c) Importer(815301076,1909f56bfc062723c751e8b465ee728b)  -> (artifact id: 'e3514a40a75fe53ceab9432b61265680') in 0.039388 seconds
  Import took 0.044414 seconds .

========================================================================
Received Import Request.
  Time since last request: 41.385650 seconds.
  path: Assets/Sprites/Mid Ground/MidGroundBuilding_Mask.png
  artifactKey: Guid(ddca977f554ba714b9a61bb8cbf71cd9) Importer(815301076,1909f56bfc062723c751e8b465ee728b)
Start importing Assets/Sprites/Mid Ground/MidGroundBuilding_Mask.png using Guid(ddca977f554ba714b9a61bb8cbf71cd9) Importer(815301076,1909f56bfc062723c751e8b465ee728b)  -> (artifact id: '0c54cb609ad397f61985f9efa16e7fe6') in 0.035434 seconds
  Import took 0.040267 seconds .

========================================================================
Received Import Request.
  Time since last request: 17.445078 seconds.
  path: Assets/Sprites/Mid Ground/MidGroundBuilding_Sprite.png
  artifactKey: Guid(77cb7ddd9935a194ea356e9aa8abc2f8) Importer(815301076,1909f56bfc062723c751e8b465ee728b)
Start importing Assets/Sprites/Mid Ground/MidGroundBuilding_Sprite.png using Guid(77cb7ddd9935a194ea356e9aa8abc2f8) Importer(815301076,1909f56bfc062723c751e8b465ee728b)  -> (artifact id: '04c9136cd16936a0f6adff89af9ef840') in 0.015111 seconds
  Import took 0.020501 seconds .

AssetImportWorkerClient::OnTransportError - code=2 error=End of file
